Using pre-set license
Built from '2020.3/staging' branch; Version is '2020.3.14f1 (d0d1bb862f9d) revision 13685179'; Using compiler version '192528614'; Build Type 'Release'
OS: 'Windows 10 Home; OS build 22000.282; Version 2009; 64bit' Language: 'en' Physical Memory: 32620 MB
BatchMode: 1, IsHumanControllingUs: 0, StartBugReporterOnCrash: 0, Is64bit: 1, IsPro: 0

 COMMAND LINE ARGUMENTS:
C:\Program Files\Unity\Hub\Editor\2020.3.14f1\Editor\Unity.exe
-adb2
-batchMode
-noUpm
-name
AssetImportWorker0
-projectPath
C:/SP/Year 2 Sem 2/ISDT/Prac 2
-logFile
Logs/AssetImportWorker0.log
-srvPort
50888
Successfully changed project path to: C:/SP/Year 2 Sem 2/ISDT/Prac 2
C:/SP/Year 2 Sem 2/ISDT/Prac 2
Using Asset Import Pipeline V2.
Refreshing native plugins compatible for Editor in 23.99 ms, found 2 plugins.
Preloading 0 native plugins for Editor in 0.00 ms.
Initialize engine version: 2020.3.14f1 (d0d1bb862f9d)
[Subsystems] Discovering subsystems at path C:/Program Files/Unity/Hub/Editor/2020.3.14f1/Editor/Data/Resources/UnitySubsystems
[Subsystems] Discovering subsystems at path C:/SP/Year 2 Sem 2/ISDT/Prac 2/Assets
GfxDevice: creating device client; threaded=0
Direct3D:
    Version:  Direct3D 11.0 [level 11.1]
    Renderer: NVIDIA GeForce RTX 3070 Laptop GPU (ID=0x24dd)
    Vendor:   
    VRAM:     8044 MB
    Driver:   27.21.14.6681
Initialize mono
Mono path[0] = 'C:/Program Files/Unity/Hub/Editor/2020.3.14f1/Editor/Data/Managed'
Mono path[1] = 'C:/Program Files/Unity/Hub/Editor/2020.3.14f1/Editor/Data/MonoBleedingEdge/lib/mono/unityjit'
Mono config path = 'C:/Program Files/Unity/Hub/Editor/2020.3.14f1/Editor/Data/MonoBleedingEdge/etc'
Using monoOptions --debugger-agent=transport=dt_socket,embedding=1,server=y,suspend=n,address=127.0.0.1:56544
Begin MonoManager ReloadAssembly
Registering precompiled unity dll's ...
Register platform support module: C:/Program Files/Unity/Hub/Editor/2020.3.14f1/Editor/Data/PlaybackEngines/WindowsStandaloneSupport/UnityEditor.WindowsStandalone.Extensions.dll
Registered in 0.002119 seconds.
Native extension for WindowsStandalone target not found
Refreshing native plugins compatible for Editor in 22.91 ms, found 2 plugins.
Preloading 0 native plugins for Editor in 0.00 ms.
Mono: successfully reloaded assembly
- Completed reload, in  1.864 seconds
Domain Reload Profiling:
	ReloadAssembly (1865ms)
		BeginReloadAssembly (48ms)
			ExecutionOrderSort (0ms)
			DisableScriptedObjects (0ms)
			BackupInstance (0ms)
			ReleaseScriptingObjects (0ms)
			CreateAndSetChildDomain (1ms)
		EndReloadAssembly (339ms)
			LoadAssemblies (46ms)
			RebuildTransferFunctionScriptingTraits (0ms)
			SetupTypeCache (119ms)
			ReleaseScriptCaches (0ms)
			RebuildScriptCaches (23ms)
			SetupLoadedEditorAssemblies (130ms)
				LogAssemblyErrors (0ms)
				InitializePlatformSupportModulesInManaged (4ms)
				SetLoadedEditorAssemblies (0ms)
				RefreshPlugins (23ms)
				BeforeProcessingInitializeOnLoad (6ms)
				ProcessInitializeOnLoadAttributes (72ms)
				ProcessInitializeOnLoadMethodAttributes (25ms)
				AfterProcessingInitializeOnLoad (0ms)
				EditorAssembliesLoaded (0ms)
			ExecutionOrderSort2 (0ms)
			AwakeInstancesAfterBackupRestoration (0ms)
Platform modules already initialized, skipping
Registering precompiled user dll's ...
Registered in 0.003731 seconds.
Begin MonoManager ReloadAssembly
Native extension for WindowsStandalone target not found
Refreshing native plugins compatible for Editor in 0.34 ms, found 2 plugins.
Preloading 0 native plugins for Editor in 0.00 ms.
Mono: successfully reloaded assembly
- Completed reload, in  0.839 seconds
Domain Reload Profiling:
	ReloadAssembly (839ms)
		BeginReloadAssembly (117ms)
			ExecutionOrderSort (0ms)
			DisableScriptedObjects (4ms)
			BackupInstance (0ms)
			ReleaseScriptingObjects (0ms)
			CreateAndSetChildDomain (18ms)
		EndReloadAssembly (666ms)
			LoadAssemblies (75ms)
			RebuildTransferFunctionScriptingTraits (0ms)
			SetupTypeCache (215ms)
			ReleaseScriptCaches (0ms)
			RebuildScriptCaches (31ms)
			SetupLoadedEditorAssemblies (273ms)
				LogAssemblyErrors (0ms)
				InitializePlatformSupportModulesInManaged (5ms)
				SetLoadedEditorAssemblies (0ms)
				RefreshPlugins (0ms)
				BeforeProcessingInitializeOnLoad (48ms)
				ProcessInitializeOnLoadAttributes (209ms)
				ProcessInitializeOnLoadMethodAttributes (4ms)
				AfterProcessingInitializeOnLoad (6ms)
				EditorAssembliesLoaded (0ms)
			ExecutionOrderSort2 (0ms)
			AwakeInstancesAfterBackupRestoration (6ms)
Platform modules already initialized, skipping
========================================================================
Worker process is ready to serve import requests
Launched and connected shader compiler UnityShaderCompiler.exe after 0.05 seconds
Refreshing native plugins compatible for Editor in 0.34 ms, found 2 plugins.
Preloading 0 native plugins for Editor in 0.00 ms.
Unloading 1390 Unused Serialized files (Serialized files now loaded: 0)
System memory in use before: 64.6 MB.
System memory in use after: 64.7 MB.

Unloading 18 unused Assets to reduce memory usage. Loaded Objects now: 1824.
Total: 2.305100 ms (FindLiveObjects: 0.152600 ms CreateObjectMapping: 0.037300 ms MarkObjects: 2.036700 ms  DeleteObjects: 0.077300 ms)

AssetImportParameters requested are different than current active one (requested -> active):
  custom:framework-win-MediaFoundation: 216162199b28c13a410421893ffa2e32 -> 
  custom:video-decoder-ogg-theora: a1e56fd34408186e4bbccfd4996cb3dc -> 
  custom:container-muxer-webm: aa71ff27fc2769a1b78a27578f13a17b -> 
  custom:container-demuxer-webm: 4f35f7cbe854078d1ac9338744f61a02 -> 
  custom:container-demuxer-ogg: 62fdf1f143b41e24485cea50d1cbac27 -> 
  custom:video-encoder-webm-vp8: eb34c28f22e8b96e1ab97ce403110664 -> 
  custom:video-codec-MediaFoundation-h265: 746d11721c4dcdbdad8f713fa42b33f4 -> 
  custom:video-decoder-webm-vp8: 9c59270c3fd7afecdb556c50c9e8de78 -> 
  custom:audio-decoder-ogg-vorbis: bf7c407c2cedff20999df2af8eb42d56 -> 
  custom:audio-encoder-webm-vorbis: bf7c407c2cedff20999df2af8eb42d56 -> 
========================================================================
Received Import Request.
  path: Assets/Scenes/blue.mat
  artifactKey: Guid(b49be7968bf68454e877b861d451a917) Importer(815301076,1909f56bfc062723c751e8b465ee728b)
Start importing Assets/Scenes/blue.mat using Guid(b49be7968bf68454e877b861d451a917) Importer(815301076,1909f56bfc062723c751e8b465ee728b)  -> (artifact id: 'eb529623ac15d7c404ba56d8a9652e3c') in 0.094287 seconds 
  Import took 0.096426 seconds .

========================================================================
Received Import Request.
  Time since last request: 17.779919 seconds.
  path: Assets/Scenes/green.mat
  artifactKey: Guid(8b41118a858cc394cb8811a1a5c72926) Importer(815301076,1909f56bfc062723c751e8b465ee728b)
Start importing Assets/Scenes/green.mat using Guid(8b41118a858cc394cb8811a1a5c72926) Importer(815301076,1909f56bfc062723c751e8b465ee728b)  -> (artifact id: '25b0f2a223fec4f4b456bd09bdd87283') in 0.018255 seconds 
  Import took 0.020671 seconds .

========================================================================
Received Import Request.
  Time since last request: 17.080646 seconds.
  path: Assets/Scenes/blue.mat
  artifactKey: Guid(b49be7968bf68454e877b861d451a917) Importer(815301076,1909f56bfc062723c751e8b465ee728b)
Start importing Assets/Scenes/blue.mat using Guid(b49be7968bf68454e877b861d451a917) Importer(815301076,1909f56bfc062723c751e8b465ee728b)  -> (artifact id: '4048be6530023543fcbb0348d39131e9') in 0.017687 seconds 
  Import took 0.020169 seconds .

========================================================================
Received Import Request.
  Time since last request: 0.000249 seconds.
  path: Assets/Scenes/green.mat
  artifactKey: Guid(8b41118a858cc394cb8811a1a5c72926) Importer(815301076,1909f56bfc062723c751e8b465ee728b)
Start importing Assets/Scenes/green.mat using Guid(8b41118a858cc394cb8811a1a5c72926) Importer(815301076,1909f56bfc062723c751e8b465ee728b)  -> (artifact id: '58f8846084012cababc0b34a8fba62bf') in 0.016578 seconds 
  Import took 0.018533 seconds .

========================================================================
Received Import Request.
  Time since last request: 0.003854 seconds.
  path: Assets/Scenes/green.mat
  artifactKey: Guid(8b41118a858cc394cb8811a1a5c72926) Importer(815301076,1909f56bfc062723c751e8b465ee728b)
Start importing Assets/Scenes/green.mat using Guid(8b41118a858cc394cb8811a1a5c72926) Importer(815301076,1909f56bfc062723c751e8b465ee728b)  -> (artifact id: '58f8846084012cababc0b34a8fba62bf') in 0.017345 seconds 
  Import took 0.019647 seconds .

========================================================================
Received Import Request.
  Time since last request: 779.805649 seconds.
  path: Assets/Scenes/Menu.unity
  artifactKey: Guid(d3116a129f3d393499b91c8b3141b4f9) Importer(815301076,1909f56bfc062723c751e8b465ee728b)
Start importing Assets/Scenes/Menu.unity using Guid(d3116a129f3d393499b91c8b3141b4f9) Importer(815301076,1909f56bfc062723c751e8b465ee728b)  -> (artifact id: 'b58d3b16dfc6a47f7d0c509d1e51044d') in 0.010553 seconds 
  Import took 0.013089 seconds .

========================================================================
Received Import Request.
  Time since last request: 0.001704 seconds.
  path: Assets/Scenes/Menu.unity
  artifactKey: Guid(d3116a129f3d393499b91c8b3141b4f9) Importer(815301076,1909f56bfc062723c751e8b465ee728b)
Start importing Assets/Scenes/Menu.unity using Guid(d3116a129f3d393499b91c8b3141b4f9) Importer(815301076,1909f56bfc062723c751e8b465ee728b)  -> (artifact id: 'b58d3b16dfc6a47f7d0c509d1e51044d') in 0.003708 seconds 
  Import took 0.006537 seconds .

========================================================================
Received Import Request.
  Time since last request: 8.973841 seconds.
  path: Assets/Scenes/SampleScene.unity
  artifactKey: Guid(9fc0d4010bbf28b4594072e72b8655ab) Importer(815301076,1909f56bfc062723c751e8b465ee728b)
Start importing Assets/Scenes/SampleScene.unity using Guid(9fc0d4010bbf28b4594072e72b8655ab) Importer(815301076,1909f56bfc062723c751e8b465ee728b)  -> (artifact id: '062a6451e5f98c15daee7ac0d984ebc3') in 0.004606 seconds 
  Import took 0.006901 seconds .

========================================================================
Received Import Request.
  Time since last request: 134.391897 seconds.
  path: Assets/Scenes/SampleScene.unity
  artifactKey: Guid(9fc0d4010bbf28b4594072e72b8655ab) Importer(815301076,1909f56bfc062723c751e8b465ee728b)
Start importing Assets/Scenes/SampleScene.unity using Guid(9fc0d4010bbf28b4594072e72b8655ab) Importer(815301076,1909f56bfc062723c751e8b465ee728b)  -> (artifact id: '8639b4319097ad648389db631aa739c6') in 0.003793 seconds 
  Import took 0.006099 seconds .

========================================================================
Received Import Request.
  Time since last request: 525.837559 seconds.
  path: Assets/Scenes/SampleScene.unity
  artifactKey: Guid(9fc0d4010bbf28b4594072e72b8655ab) Importer(815301076,1909f56bfc062723c751e8b465ee728b)
Start importing Assets/Scenes/SampleScene.unity using Guid(9fc0d4010bbf28b4594072e72b8655ab) Importer(815301076,1909f56bfc062723c751e8b465ee728b)  -> (artifact id: 'fb31e0e6ac124aa955ee524910354e45') in 0.004087 seconds 
  Import took 0.006651 seconds .

========================================================================
Received Import Request.
  Time since last request: 503.699470 seconds.
  path: Assets/Scenes/SampleScene.unity
  artifactKey: Guid(9fc0d4010bbf28b4594072e72b8655ab) Importer(815301076,1909f56bfc062723c751e8b465ee728b)
Start importing Assets/Scenes/SampleScene.unity using Guid(9fc0d4010bbf28b4594072e72b8655ab) Importer(815301076,1909f56bfc062723c751e8b465ee728b)  -> (artifact id: '6153f015bfe0f2bd5f18ca12797817a0') in 0.010936 seconds 
  Import took 0.013639 seconds .

========================================================================
Received Import Request.
  Time since last request: 11.011887 seconds.
  path: Assets/Snowman.unity
  artifactKey: Guid(2955c4def68221d4eac2309b56ff3d08) Importer(815301076,1909f56bfc062723c751e8b465ee728b)
Start importing Assets/Snowman.unity using Guid(2955c4def68221d4eac2309b56ff3d08) Importer(815301076,1909f56bfc062723c751e8b465ee728b)  -> (artifact id: '3b44edd346f502f154f6a95cf6303302') in 0.011669 seconds 
  Import took 0.013963 seconds .

AssetImportWorkerClient::OnTransportError - code=2 error=End of file
